<?xml version="1.0" encoding="UTF-8"?>
<testsuite name="Post Tweet in a user profile" tests="1" skipped="0" failures="0" errors="0" timestamp="2019-01-14T18:57:50" hostname="CPX-8U5JI69JOZ6" time="37.287">
  <properties/>
  <testcase name="Tweet in my profile." classname="Post Tweet in a user profile" time="37.287"/>
  <system-out><![CDATA[]]></system-out>
  <system-err><![CDATA[Jan 14, 2019 1:57:51 PM org.openqa.selenium.remote.DesiredCapabilities chrome
INFO: Using `new ChromeOptions()` is preferred to `DesiredCapabilities.chrome()`
Starting ChromeDriver 2.36.540470 (e522d04694c7ebea4ba8821272dbef4f9b818c91) on port 28950
Only local connections are allowed.
Jan 14, 2019 1:57:54 PM org.openqa.selenium.remote.ProtocolHandshake createSession
INFO: Detected dialect: OSS
[Test worker] INFO net.thucydides.core.steps.ConsoleLoggingListener - 
        __    _____ _____ ____ _____   ____   _    ____  ____  _____ ____  
  _     \ \  |_   _| ____/ ___|_   _| |  _ \ / \  / ___|/ ___|| ____|  _ \ 
 (_)_____| |   | | |  _| \___ \ | |   | |_) / _ \ \___ \\___ \|  _| | | | |
  _|_____| |   | | | |___ ___) || |   |  __/ ___ \ ___) |___) | |___| |_| |
 (_)     | |   |_| |_____|____/ |_|   |_| /_/   \_\____/|____/|_____|____/ 
        /_/                                                                

TEST PASSED: Tweet in my profile.
----------------------------------------------------------------------------
]]></system-err>
</testsuite>
